<?xml version="1.0" encoding="UTF-8"?>
<testng-results ignored="1" total="3" passed="2" failed="0" skipped="0">
  <reporter-output>
  </reporter-output>
  <suite started-at="2023-05-17T10:46:49 IST" name="Default suite" finished-at="2023-05-17T10:46:49 IST" duration-ms="101">
    <groups>
    </groups>
    <test started-at="2023-05-17T10:46:49 IST" name="Default test" finished-at="2023-05-17T10:46:49 IST" duration-ms="101">
      <class name="testNG.class01">
        <test-method is-config="true" signature="tc()[pri:0, instance:testNG.class01@be64738]" started-at="2023-05-17T10:46:49 IST" name="tc" finished-at="2023-05-17T10:46:49 IST" duration-ms="12" status="PASS">
          <reporter-output>
          </reporter-output>
        </test-method> <!-- tc -->
        <test-method is-config="true" signature="tc4()[pri:0, instance:testNG.class01@be64738]" started-at="2023-05-17T10:46:49 IST" name="tc4" finished-at="2023-05-17T10:46:49 IST" duration-ms="0" status="PASS">
          <reporter-output>
          </reporter-output>
        </test-method> <!-- tc4 -->
        <test-method signature="tc1()[pri:0, instance:testNG.class01@be64738]" started-at="2023-05-17T10:46:49 IST" name="tc1" finished-at="2023-05-17T10:46:49 IST" duration-ms="10" status="PASS">
          <reporter-output>
          </reporter-output>
        </test-method> <!-- tc1 -->
        <test-method signature="tc2()[pri:0, instance:testNG.class01@be64738]" started-at="2023-05-17T10:46:49 IST" name="tc2" finished-at="2023-05-17T10:46:49 IST" duration-ms="3" status="PASS">
          <reporter-output>
          </reporter-output>
        </test-method> <!-- tc2 -->
        <test-method is-config="true" signature="tc3()[pri:0, instance:testNG.class01@be64738]" started-at="2023-05-17T10:46:49 IST" name="tc3" finished-at="2023-05-17T10:46:49 IST" duration-ms="2" status="PASS">
          <reporter-output>
          </reporter-output>
        </test-method> <!-- tc3 -->
      </class> <!-- testNG.class01 -->
    </test> <!-- Default test -->
  </suite> <!-- Default suite -->
</testng-results>
