<?xml version="1.0" encoding="UTF-8"?>
<!-- Generated by org.testng.reporters.JUnitXMLReporter -->
<testsuite ignored="1" hostname="DESKTOP-LQS24JT" failures="0" tests="2" name="Default test" time="0.101" errors="0" timestamp="2023-05-17T10:46:49 IST">
  <testcase classname="testNG.class01" name="tc1" time="0.01"/>
  <testcase classname="testNG.class01" name="tc2" time="0.003"/>
  <testcase classname="testNG.class01" name="containBug" time="0.0">
    <ignored/>
  </testcase> <!-- containBug -->
</testsuite> <!-- Default test -->
